<?xml version="1.0" encoding="UTF-8"?>
<testng-results skipped="0" failed="0" ignored="0" total="1" passed="1">
  <reporter-output>
  </reporter-output>
  <suite name="BankingBillah" duration-ms="45874" started-at="2020-07-07T17:32:22 BDT" finished-at="2020-07-07T17:33:08 BDT">
    <groups>
    </groups>
    <test name="BankingApp Test" duration-ms="45874" started-at="2020-07-07T17:32:22 BDT" finished-at="2020-07-07T17:33:08 BDT">
      <class name="com.BankingBillah.TestClass.TC_LinkedinStatusTest_001">
        <test-method status="PASS" signature="setup(java.lang.String)[pri:0, instance:com.BankingBillah.TestClass.TC_LinkedinStatusTest_001@17579e0f]" name="setup" is-config="true" duration-ms="14807" started-at="2020-07-07T17:32:22 BDT" finished-at="2020-07-07T17:32:37 BDT">
          <params>
            <param index="0">
              <value>
                <![CDATA[chrome]]>
              </value>
            </param>
          </params>
          <reporter-output>
          </reporter-output>
        </test-method> <!-- setup -->
        <test-method status="PASS" signature="StatusGeneratorTest()[pri:0, instance:com.BankingBillah.TestClass.TC_LinkedinStatusTest_001@17579e0f]" name="StatusGeneratorTest" duration-ms="28632" started-at="2020-07-07T17:32:37 BDT" finished-at="2020-07-07T17:33:06 BDT">
          <reporter-output>
          </reporter-output>
        </test-method> <!-- StatusGeneratorTest -->
        <test-method status="PASS" signature="tearDown()[pri:0, instance:com.BankingBillah.TestClass.TC_LinkedinStatusTest_001@17579e0f]" name="tearDown" is-config="true" duration-ms="2098" started-at="2020-07-07T17:33:06 BDT" finished-at="2020-07-07T17:33:08 BDT">
          <reporter-output>
          </reporter-output>
        </test-method> <!-- tearDown -->
      </class> <!-- com.BankingBillah.TestClass.TC_LinkedinStatusTest_001 -->
    </test> <!-- BankingApp Test -->
  </suite> <!-- BankingBillah -->
</testng-results>
